C:\USERS\MUHAMMAD SHOAIB\DOCUMENTS\VISUAL STUDIO 2010\PROJECTS\PROJECT1\DEBUG\PROJECT1.EXE
C:\USERS\MUHAMMAD SHOAIB\DOCUMENTS\VISUAL STUDIO 2010\PROJECTS\PROJECT1\DEBUG\PROJECT1.ILK
C:\USERS\MUHAMMAD SHOAIB\DOCUMENTS\VISUAL STUDIO 2010\PROJECTS\PROJECT1\DEBUG\PROJECT1.PDB
C:\Users\Muhammad Shoaib\Documents\Visual Studio 2010\Projects\project1\project1\Debug\cl.command.1.tlog
C:\Users\Muhammad Shoaib\Documents\Visual Studio 2010\Projects\project1\project1\Debug\CL.read.1.tlog
C:\Users\Muhammad Shoaib\Documents\Visual Studio 2010\Projects\project1\project1\Debug\CL.write.1.tlog
C:\Users\Muhammad Shoaib\Documents\Visual Studio 2010\Projects\project1\project1\Debug\link.11748.read.1.tlog
C:\Users\Muhammad Shoaib\Documents\Visual Studio 2010\Projects\project1\project1\Debug\link.11748.write.1.tlog
C:\Users\Muhammad Shoaib\Documents\Visual Studio 2010\Projects\project1\project1\Debug\link.11748-cvtres.read.1.tlog
C:\Users\Muhammad Shoaib\Documents\Visual Studio 2010\Projects\project1\project1\Debug\link.11748-cvtres.write.1.tlog
C:\Users\Muhammad Shoaib\Documents\Visual Studio 2010\Projects\project1\project1\Debug\link.command.1.tlog
C:\Users\Muhammad Shoaib\Documents\Visual Studio 2010\Projects\project1\project1\Debug\link.read.1.tlog
C:\Users\Muhammad Shoaib\Documents\Visual Studio 2010\Projects\project1\project1\Debug\link.write.1.tlog
C:\Users\Muhammad Shoaib\Documents\Visual Studio 2010\Projects\project1\project1\Debug\link-cvtres.read.1.tlog
C:\Users\Muhammad Shoaib\Documents\Visual Studio 2010\Projects\project1\project1\Debug\link-cvtres.write.1.tlog
C:\Users\Muhammad Shoaib\Documents\Visual Studio 2010\Projects\project1\project1\Debug\mt.command.1.tlog
C:\Users\Muhammad Shoaib\Documents\Visual Studio 2010\Projects\project1\project1\Debug\mt.read.1.tlog
C:\Users\Muhammad Shoaib\Documents\Visual Studio 2010\Projects\project1\project1\Debug\mt.write.1.tlog
C:\USERS\MUHAMMAD SHOAIB\DOCUMENTS\VISUAL STUDIO 2010\PROJECTS\PROJECT1\PROJECT1\DEBUG\PROJECT.OBJ
C:\USERS\MUHAMMAD SHOAIB\DOCUMENTS\VISUAL STUDIO 2010\PROJECTS\PROJECT1\PROJECT1\DEBUG\PROJECT1.EXE.EMBED.MANIFEST
C:\USERS\MUHAMMAD SHOAIB\DOCUMENTS\VISUAL STUDIO 2010\PROJECTS\PROJECT1\PROJECT1\DEBUG\PROJECT1.EXE.EMBED.MANIFEST.RES
C:\USERS\MUHAMMAD SHOAIB\DOCUMENTS\VISUAL STUDIO 2010\PROJECTS\PROJECT1\PROJECT1\DEBUG\PROJECT1.EXE.INTERMEDIATE.MANIFEST
C:\Users\Muhammad Shoaib\Documents\Visual Studio 2010\Projects\project1\project1\Debug\project1.write.1.tlog
C:\Users\Muhammad Shoaib\Documents\Visual Studio 2010\Projects\project1\project1\Debug\project1_manifest.rc
C:\Users\Muhammad Shoaib\Documents\Visual Studio 2010\Projects\project1\project1\Debug\rc.command.1.tlog
C:\Users\Muhammad Shoaib\Documents\Visual Studio 2010\Projects\project1\project1\Debug\rc.read.1.tlog
C:\Users\Muhammad Shoaib\Documents\Visual Studio 2010\Projects\project1\project1\Debug\rc.write.1.tlog
C:\Users\Muhammad Shoaib\Documents\Visual Studio 2010\Projects\project1\project1\Debug\vc100.idb
C:\USERS\MUHAMMAD SHOAIB\DOCUMENTS\VISUAL STUDIO 2010\PROJECTS\PROJECT1\PROJECT1\DEBUG\VC100.PDB
